Build started 2015/12/14 19:53:58.
     1>Project "C:\Users\HU FANGYUAN\Documents\Visual Studio 2013\Projects\FluidSolver_v1.0\PassiveScalarProblemDll\PassiveScalarProblemDll.vcxproj" on node 2 (Rebuild target(s)).
     1>ClCompile:
         C:\Program Files (x86)\Microsoft Visual Studio 12.0\VC\bin\CL.exe /c /Isrc /I"C:\Users\HU FANGYUAN\Documents\Visual Studio 2013\Projects\extern\eigen" /I..\common /Zi /nologo /W3 /WX- /sdl /O2 /Oi /Oy- /GL /D WIN32 /D NDEBUG /D _WINDOWS /D _USRDLL /D PASSIVESCALARPROBLEMDLL_EXPORTS /D _WINDLL /D _UNICODE /D UNICODE /Gm- /EHsc /MD /GS /Gy /fp:precise /Zc:wchar_t /Zc:forScope /Yc"stdafx.h" /Fp"Release\PassiveScalarProblemDll.pch" /Fo"Release\\" /Fd"Release\vc120.pdb" /Gd /TP /analyze- /errorReport:prompt stdafx.cpp
         stdafx.cpp
         C:\Program Files (x86)\Microsoft Visual Studio 12.0\VC\bin\CL.exe /c /Isrc /I"C:\Users\HU FANGYUAN\Documents\Visual Studio 2013\Projects\extern\eigen" /I..\common /Zi /nologo /W3 /WX- /sdl /O2 /Oi /Oy- /GL /D WIN32 /D NDEBUG /D _WINDOWS /D _USRDLL /D PASSIVESCALARPROBLEMDLL_EXPORTS /D _WINDLL /D _UNICODE /D UNICODE /Gm- /EHsc /MD /GS /Gy /fp:precise /Zc:wchar_t /Zc:forScope /Fo"Release\\" /Fd"Release\vc120.pdb" /Gd /TP /analyze- /errorReport:prompt dllmain.cpp
         dllmain.cpp
         C:\Program Files (x86)\Microsoft Visual Studio 12.0\VC\bin\CL.exe /c /Isrc /I"C:\Users\HU FANGYUAN\Documents\Visual Studio 2013\Projects\extern\eigen" /I..\common /Zi /nologo /W3 /WX- /sdl /O2 /Oi /Oy- /GL /D WIN32 /D NDEBUG /D _WINDOWS /D _USRDLL /D PASSIVESCALARPROBLEMDLL_EXPORTS /D _WINDLL /D _UNICODE /D UNICODE /Gm- /EHsc /MD /GS /Gy /fp:precise /Zc:wchar_t /Zc:forScope /Yu"stdafx.h" /Fp"Release\PassiveScalarProblemDll.pch" /Fo"Release\\" /Fd"Release\vc120.pdb" /Gd /TP /analyze- /errorReport:prompt PassiveScalarProblemDll.cpp
         PassiveScalarProblemDll.cpp
     1>PassiveScalarProblemDll.cpp(12): warning C4316: 'SIM::FractionalStep_x<SIM::Parameters::DataType,2,2>' : object allocated on the heap may not be aligned 16
     1>C:\Users\HU FANGYUAN\Documents\Visual Studio 2013\Projects\FluidSolver_v1.0\PassiveScalarProblemDll\src\FractionalStep_x.h(96): warning C4316: 'SIM::Particle_x<R,2,2>' : object allocated on the heap may not be aligned 16
                 with
                 [
                     R=SIM::Parameters::DataType
                 ]
                 C:\Users\HU FANGYUAN\Documents\Visual Studio 2013\Projects\FluidSolver_v1.0\PassiveScalarProblemDll\src\FractionalStep_x.h(95) : while compiling class template member function 'void SIM::FractionalStep_x<SIM::Parameters::DataType,2,2>::init_(void)'
                 c:\users\hu fangyuan\documents\visual studio 2013\projects\fluidsolver_v1.0\passivescalarproblemdll\src\Simulator.h(53) : see reference to function template instantiation 'void SIM::FractionalStep_x<SIM::Parameters::DataType,2,2>::init_(void)' being compiled
                 PassiveScalarProblemDll.cpp(12) : see reference to class template instantiation 'SIM::FractionalStep_x<SIM::Parameters::DataType,2,2>' being compiled
     1>c:\users\hu fangyuan\documents\visual studio 2013\projects\fluidsolver_v1.0\passivescalarproblemdll\src\Particle.h(162): warning C4316: 'SIM::LinkCell<R,2>' : object allocated on the heap may not be aligned 16
                 with
                 [
                     R=SIM::Parameters::DataType
                 ]
                 c:\users\hu fangyuan\documents\visual studio 2013\projects\fluidsolver_v1.0\passivescalarproblemdll\src\Particle.h(156) : while compiling class template member function 'void SIM::Particle<R,2,SIM::Particle_x<R,2,2>>::buildCell(void)'
                 with
                 [
                     R=SIM::Parameters::DataType
                 ]
                 C:\Users\HU FANGYUAN\Documents\Visual Studio 2013\Projects\FluidSolver_v1.0\PassiveScalarProblemDll\src\FractionalStep_x.h(100) : see reference to function template instantiation 'void SIM::Particle<R,2,SIM::Particle_x<R,2,2>>::buildCell(void)' being compiled
                 with
                 [
                     R=SIM::Parameters::DataType
                 ]
                 c:\users\hu fangyuan\documents\visual studio 2013\projects\fluidsolver_v1.0\passivescalarproblemdll\src\Particle_x.h(14) : see reference to class template instantiation 'SIM::Particle<R,2,SIM::Particle_x<R,2,2>>' being compiled
                 with
                 [
                     R=SIM::Parameters::DataType
                 ]
                 c:\users\hu fangyuan\documents\visual studio 2013\projects\fluidsolver_v1.0\passivescalarproblemdll\src\Simulator.h(54) : see reference to class template instantiation 'SIM::Particle_x<R,2,2>' being compiled
                 with
                 [
                     R=SIM::Parameters::DataType
                 ]
                 c:\users\hu fangyuan\documents\visual studio 2013\projects\fluidsolver_v1.0\passivescalarproblemdll\src\Simulator.h(52) : while compiling class template member function 'void SIM::Simulator<R,2,SIM::FractionalStep_x<R,2,2>>::init(void)'
                 with
                 [
                     R=SIM::Parameters::DataType
                 ]
                 PassiveScalarProblemDll.cpp(13) : see reference to function template instantiation 'void SIM::Simulator<R,2,SIM::FractionalStep_x<R,2,2>>::init(void)' being compiled
                 with
                 [
                     R=SIM::Parameters::DataType
                 ]
                 C:\Users\HU FANGYUAN\Documents\Visual Studio 2013\Projects\FluidSolver_v1.0\PassiveScalarProblemDll\src\FractionalStep_x.h(10) : see reference to class template instantiation 'SIM::Simulator<R,2,SIM::FractionalStep_x<R,2,2>>' being compiled
                 with
                 [
                     R=SIM::Parameters::DataType
                 ]
     1>c:\users\hu fangyuan\documents\visual studio 2013\projects\fluidsolver_v1.0\passivescalarproblemdll\src\Particle_x.h(157): warning C4018: '<' : signed/unsigned mismatch
                 c:\users\hu fangyuan\documents\visual studio 2013\projects\fluidsolver_v1.0\passivescalarproblemdll\src\Particle_x.h(152) : while compiling class template member function 'const SIM::Parameters::DataType SIM::Particle_x<R,2,2>::rot(const std::vector<Eigen::Matrix<double,2,1,0,2,1>,std::allocator<_Ty>> &,const unsigned int &) const'
                 with
                 [
                     R=SIM::Parameters::DataType
         ,            _Ty=Eigen::Matrix<double,2,1,0,2,1>
                 ]
                 c:\users\hu fangyuan\documents\visual studio 2013\projects\fluidsolver_v1.0\passivescalarproblemdll\src\Simulator.h(302) : see reference to function template instantiation 'const SIM::Parameters::DataType SIM::Particle_x<R,2,2>::rot(const std::vector<Eigen::Matrix<double,2,1,0,2,1>,std::allocator<_Ty>> &,const unsigned int &) const' being compiled
                 with
                 [
                     R=SIM::Parameters::DataType
         ,            _Ty=Eigen::Matrix<double,2,1,0,2,1>
                 ]
     1>c:\users\hu fangyuan\documents\visual studio 2013\projects\fluidsolver_v1.0\passivescalarproblemdll\src\Particle_x.h(524): warning C4018: '<' : signed/unsigned mismatch
                 c:\users\hu fangyuan\documents\visual studio 2013\projects\fluidsolver_v1.0\passivescalarproblemdll\src\Particle_x.h(514) : while compiling class template member function 'void SIM::Particle_x<R,2,2>::updateInvMat(void)'
                 with
                 [
                     R=SIM::Parameters::DataType
                 ]
                 c:\users\hu fangyuan\documents\visual studio 2013\projects\fluidsolver_v1.0\passivescalarproblemdll\src\Simulator.h(252) : see reference to function template instantiation 'void SIM::Particle_x<R,2,2>::updateInvMat(void)' being compiled
                 with
                 [
                     R=SIM::Parameters::DataType
                 ]
     1>c:\users\hu fangyuan\documents\visual studio 2013\projects\fluidsolver_v1.0\passivescalarproblemdll\src\Particle_x.h(455): warning C4018: '<' : signed/unsigned mismatch
                 c:\users\hu fangyuan\documents\visual studio 2013\projects\fluidsolver_v1.0\passivescalarproblemdll\src\Particle_x.h(443) : while compiling class template member function 'const SIM::Parameters::DataType SIM::Particle_x<R,2,2>::func_lsA_upwind(const std::vector<double,std::allocator<_Ty>> &,const unsigned int &,const Eigen::Matrix<double,2,1,0,2,1> &) const'
                 with
                 [
                     R=SIM::Parameters::DataType
         ,            _Ty=double
                 ]
                 c:\users\hu fangyuan\documents\visual studio 2013\projects\fluidsolver_v1.0\passivescalarproblemdll\src\Shifter.h(310) : see reference to function template instantiation 'const SIM::Parameters::DataType SIM::Particle_x<R,2,2>::func_lsA_upwind(const std::vector<double,std::allocator<_Ty>> &,const unsigned int &,const Eigen::Matrix<double,2,1,0,2,1> &) const' being compiled
                 with
                 [
                     R=SIM::Parameters::DataType
         ,            _Ty=double
                 ]
       Link:
         C:\Program Files (x86)\Microsoft Visual Studio 12.0\VC\bin\link.exe /ERRORREPORT:PROMPT /OUT:"C:\Users\HU FANGYUAN\Documents\Visual Studio 2013\Projects\FluidSolver_v1.0\Release\PassiveScalarProblemDll.dll" /INCREMENTAL:NO /NOLOGO kernel32.lib user32.lib gdi32.lib winspool.lib comdlg32.lib advapi32.lib shell32.lib ole32.lib oleaut32.lib uuid.lib odbc32.lib odbccp32.lib /MANIFEST /MANIFESTUAC:"level='asInvoker' uiAccess='false'" /manifest:embed /DEBUG /PDB:"C:\Users\HU FANGYUAN\Documents\Visual Studio 2013\Projects\FluidSolver_v1.0\Release\PassiveScalarProblemDll.pdb" /SUBSYSTEM:WINDOWS /OPT:REF /OPT:ICF /LTCG /TLBID:1 /DYNAMICBASE /NXCOMPAT /IMPLIB:"C:\Users\HU FANGYUAN\Documents\Visual Studio 2013\Projects\FluidSolver_v1.0\Release\PassiveScalarProblemDll.lib" /MACHINE:X86 /SAFESEH /DLL Release\dllmain.obj
         Release\PassiveScalarProblemDll.obj
         Release\stdafx.obj
            Creating library C:\Users\HU FANGYUAN\Documents\Visual Studio 2013\Projects\FluidSolver_v1.0\Release\PassiveScalarProblemDll.lib and object C:\Users\HU FANGYUAN\Documents\Visual Studio 2013\Projects\FluidSolver_v1.0\Release\PassiveScalarProblemDll.exp
         Generating code
         Finished generating code
         PassiveScalarProblemDll.vcxproj -> C:\Users\HU FANGYUAN\Documents\Visual Studio 2013\Projects\FluidSolver_v1.0\Release\PassiveScalarProblemDll.dll
     1>Done Building Project "C:\Users\HU FANGYUAN\Documents\Visual Studio 2013\Projects\FluidSolver_v1.0\PassiveScalarProblemDll\PassiveScalarProblemDll.vcxproj" (Rebuild target(s)).

Build succeeded.

Time Elapsed 00:00:06.58
