5.000000e-001 1.000000e+000 1.000000e+000 0.000000e+000 
5.000000e-001 9.766000e-001 -3.198061e-002 -1.813014e-016 
5.000000e-001 9.688000e-001 -1.118227e-003 -1.798586e-016 
5.000000e-001 9.609000e-001 -5.850565e-004 -1.887646e-016 
5.000000e-001 9.531000e-001 -9.060896e-004 -1.457953e-016 
5.000000e-001 9.400000e-001 -9.684942e-004 -1.051716e-016 
5.000000e-001 9.300000e-001 -9.650878e-004 -1.483996e-016 
5.000000e-001 9.200000e-001 -9.581100e-004 -6.833629e-017 
5.000000e-001 9.100000e-001 -9.501160e-004 -4.082607e-017 
5.000000e-001 9.000000e-001 -9.413396e-004 -1.728161e-016 
5.000000e-001 8.900000e-001 -9.318575e-004 -1.277320e-016 
5.000000e-001 8.800000e-001 -9.217127e-004 -8.410263e-017 
5.000000e-001 8.700000e-001 -9.109472e-004 -1.914705e-016 
5.000000e-001 8.600000e-001 -8.996032e-004 -2.248929e-016 
5.000000e-001 8.516000e-001 -8.896654e-004 -1.794938e-016 
5.000000e-001 8.400000e-001 -8.753540e-004 -7.575848e-017 
5.000000e-001 8.300000e-001 -8.625371e-004 -3.931426e-017 
5.000000e-001 8.200000e-001 -8.493175e-004 -7.473207e-017 
5.000000e-001 8.100000e-001 -8.357391e-004 -8.881986e-017 
5.000000e-001 8.000000e-001 -8.218451e-004 -1.146344e-016 
5.000000e-001 7.344000e-001 -7.257557e-004 3.177816e-016 
5.000000e-001 6.172000e-001 -5.551043e-004 2.747057e-016 
5.000000e-001 5.000000e-001 -4.121374e-004 2.514392e-016 
5.000000e-001 4.531000e-001 -3.652231e-004 -3.058977e-016 
5.000000e-001 4.000000e-001 -3.192590e-004 -3.032771e-017 
5.000000e-001 3.800000e-001 -3.038322e-004 -9.417157e-017 
5.000000e-001 3.600000e-001 -2.894009e-004 -1.673818e-016 
5.000000e-001 3.400000e-001 -2.759373e-004 1.196891e-016 
5.000000e-001 3.200000e-001 -2.634133e-004 3.446321e-016 
5.000000e-001 3.000000e-001 -2.518003e-004 1.033831e-016 
5.000000e-001 2.900000e-001 -2.463266e-004 5.478412e-017 
5.000000e-001 2.813000e-001 -2.417395e-004 1.541681e-016 
5.000000e-001 2.000000e-001 -2.064455e-004 -8.830351e-017 
5.000000e-001 1.719000e-001 -1.972341e-004 -4.415129e-017 
5.000000e-001 1.500000e-001 -1.910629e-004 1.338112e-016 
5.000000e-001 1.016000e-001 -1.804096e-004 -6.559904e-018 
5.000000e-001 7.030000e-002 -1.756465e-004 -7.234466e-017 
5.000000e-001 6.250000e-002 -1.747074e-004 -1.093643e-016 
5.000000e-001 5.470000e-002 -1.738605e-004 -2.632916e-017 
5.000000e-001 0.000000e+000 0.000000e+000 0.000000e+000 
1.000000e+000 5.000000e-001 0.000000e+000 0.000000e+000 
9.950000e-001 5.000000e-001 -1.727362e-005 -3.347451e-004 
9.850000e-001 5.000000e-001 -3.294156e-005 -3.855912e-004 
9.750000e-001 5.000000e-001 -4.855487e-005 -4.095662e-004 
9.688000e-001 5.000000e-001 -5.779009e-005 -4.084657e-004 
9.609000e-001 5.000000e-001 -6.950953e-005 -4.066003e-004 
9.531000e-001 5.000000e-001 -8.098559e-005 -4.044906e-004 
9.500000e-001 5.000000e-001 -8.551188e-005 -4.035298e-004 
9.453000e-001 5.000000e-001 -9.237431e-005 -4.020731e-004 
9.400000e-001 5.000000e-001 -1.000248e-004 -4.001740e-004 
9.300000e-001 5.000000e-001 -1.143425e-004 -3.963138e-004 
9.200000e-001 5.000000e-001 -1.284420e-004 -3.919637e-004 
9.100000e-001 5.000000e-001 -1.422993e-004 -3.871399e-004 
9.063000e-001 5.000000e-001 -1.473791e-004 -3.852695e-004 
9.000000e-001 5.000000e-001 -1.558928e-004 -3.818597e-004 
8.900000e-001 5.000000e-001 -1.692021e-004 -3.761416e-004 
8.800000e-001 5.000000e-001 -1.822089e-004 -3.700052e-004 
8.700000e-001 5.000000e-001 -1.948966e-004 -3.634706e-004 
8.594000e-001 5.000000e-001 -2.079813e-004 -3.561332e-004 
8.500000e-001 5.000000e-001 -2.192572e-004 -3.492910e-004 
8.400000e-001 5.000000e-001 -2.309060e-004 -3.416886e-004 
8.300000e-001 5.000000e-001 -2.421874e-004 -3.337732e-004 
8.200000e-001 5.000000e-001 -2.530937e-004 -3.255661e-004 
8.147000e-001 5.000000e-001 -2.587624e-004 -3.211335e-004 
8.047000e-001 5.000000e-001 -2.690841e-004 -3.125187e-004 
8.000000e-001 5.000000e-001 -2.737586e-004 -3.083613e-004 
7.900000e-001 5.000000e-001 -2.835097e-004 -2.994044e-004 
7.800000e-001 5.000000e-001 -2.928708e-004 -2.902375e-004 
7.600000e-001 5.000000e-001 -3.104226e-004 -2.713484e-004 
7.400000e-001 5.000000e-001 -3.264246e-004 -2.518346e-004 
7.200000e-001 5.000000e-001 -3.409025e-004 -2.318225e-004 
7.100000e-001 5.000000e-001 -3.475811e-004 -2.216646e-004 
7.000000e-001 5.000000e-001 -3.538931e-004 -2.114224e-004 
6.000000e-001 5.000000e-001 -3.981978e-004 -1.063806e-004 
5.000000e-001 5.000000e-001 -4.121374e-004 2.514392e-016 
4.000000e-001 5.000000e-001 -3.981978e-004 1.063806e-004 
3.000000e-001 5.000000e-001 -3.538931e-004 2.114224e-004 
2.900000e-001 5.000000e-001 -3.475811e-004 2.216646e-004 
2.800000e-001 5.000000e-001 -3.409025e-004 2.318225e-004 
2.700000e-001 5.000000e-001 -3.338520e-004 2.418836e-004 
2.600000e-001 5.000000e-001 -3.264246e-004 2.518346e-004 
2.500000e-001 5.000000e-001 -3.186160e-004 2.616613e-004 
2.400000e-001 5.000000e-001 -3.104226e-004 2.713484e-004 
2.344000e-001 5.000000e-001 -3.057027e-004 2.767225e-004 
2.300000e-001 5.000000e-001 -3.018415e-004 2.808795e-004 
2.266000e-001 5.000000e-001 -2.988577e-004 2.840917e-004 
2.200000e-001 5.000000e-001 -2.928708e-004 2.902375e-004 
2.100000e-001 5.000000e-001 -2.835097e-004 2.994044e-004 
2.000000e-001 5.000000e-001 -2.737586e-004 3.083613e-004 
1.963000e-001 5.000000e-001 -2.700786e-004 3.116342e-004 
1.863000e-001 5.000000e-001 -2.597957e-004 3.202729e-004 
1.763000e-001 5.000000e-001 -2.491286e-004 3.286542e-004 
1.663000e-001 5.000000e-001 -2.380823e-004 3.367573e-004 
1.563000e-001 5.000000e-001 -2.266634e-004 3.445608e-004 
1.000000e-001 5.000000e-001 -1.558928e-004 3.818597e-004 
9.380000e-002 5.000000e-001 -1.475164e-004 3.852189e-004 
7.810000e-002 5.000000e-001 -1.257853e-004 3.928358e-004 
7.030000e-002 5.000000e-001 -1.147689e-004 3.961905e-004 
6.250000e-002 5.000000e-001 -1.036297e-004 3.992713e-004 
5.000000e-002 5.000000e-001 -8.551188e-005 4.035298e-004 
5.000000e-002 5.000000e-001 -8.551188e-005 4.035298e-004 
