Build started 2015/10/30 20:58:54.
     1>Project "C:\Users\HU FANGYUAN\Documents\Visual Studio 2013\Projects\mpsSimulator_v3.0_cavity\mpsSimulator_v3.0_cavity\mpsSimulator_v3.0.vcxproj" on node 2 (Build target(s)).
     1>ClCompile:
         C:\Program Files (x86)\Microsoft Visual Studio 12.0\VC\bin\x86_amd64\CL.exe /c /Isrc /I"C:\Users\HU FANGYUAN\Documents\Visual Studio 2013\Projects\mpsSimulator_v3.0_cavity\mpsSimulator_v3.0_cavity\common" /I"..\..\extern\freeglut-2.8.1\include" /I"..\..\extern\glew-1.11.0\include" /I..\..\extern\glm /I..\..\extern\eigen /Zi /nologo /W3 /WX- /sdl /MP /O2 /Oi /GL /D WIN32 /D NDEBUG /D _CONSOLE /D _LIB /D _UNICODE /D UNICODE /Gm- /EHsc /MD /GS /Gy /fp:precise /Zc:wchar_t /Zc:forScope /openmp /Fo"x64\Release\\" /Fd"x64\Release\vc120.pdb" /Gd /TP /errorReport:prompt mpsSimulator_v3.0.cpp
         mpsSimulator_v3.0.cpp
     1>C:\Users\HU FANGYUAN\Documents\Visual Studio 2013\Projects\mpsSimulator_v3.0_cavity\mpsSimulator_v3.0_cavity\common\BBox.h(89): error C4430: missing type specifier - int assumed. Note: C++ does not support default-int
                 C:\Users\HU FANGYUAN\Documents\Visual Studio 2013\Projects\mpsSimulator_v3.0_cavity\mpsSimulator_v3.0_cavity\common\BBox.h(98) : see reference to class template instantiation 'BBox<R,D>' being compiled
     1>C:\Users\HU FANGYUAN\Documents\Visual Studio 2013\Projects\mpsSimulator_v3.0_cavity\mpsSimulator_v3.0_cavity\common\BBox.h(89): error C2143: syntax error : missing ',' before '&'
     1>c:\users\hu fangyuan\documents\visual studio 2013\projects\mpssimulator_v3.0_cavity\mpssimulator_v3.0_cavity\src\Parameter.h(10): error C2143: syntax error : missing ';' before '<'
                 c:\users\hu fangyuan\documents\visual studio 2013\projects\mpssimulator_v3.0_cavity\mpssimulator_v3.0_cavity\src\Parameter.h(34) : see reference to class template instantiation 'SIM::Parameter<real>' being compiled
     1>c:\users\hu fangyuan\documents\visual studio 2013\projects\mpssimulator_v3.0_cavity\mpssimulator_v3.0_cavity\src\Parameter.h(10): error C4430: missing type specifier - int assumed. Note: C++ does not support default-int
     1>c:\users\hu fangyuan\documents\visual studio 2013\projects\mpssimulator_v3.0_cavity\mpssimulator_v3.0_cavity\src\Parameter.h(10): error C2238: unexpected token(s) preceding ';'
     1>c:\users\hu fangyuan\documents\visual studio 2013\projects\mpssimulator_v3.0_cavity\mpssimulator_v3.0_cavity\src\Parameter.h(27): error C2146: syntax error : missing ';' before identifier 'g'
     1>c:\users\hu fangyuan\documents\visual studio 2013\projects\mpssimulator_v3.0_cavity\mpssimulator_v3.0_cavity\src\Parameter.h(27): error C4430: missing type specifier - int assumed. Note: C++ does not support default-int
     1>c:\users\hu fangyuan\documents\visual studio 2013\projects\mpssimulator_v3.0_cavity\mpssimulator_v3.0_cavity\src\Particle.h(427): error C2976: 'SIM::LinkCell' : too few template arguments
                 c:\users\hu fangyuan\documents\visual studio 2013\projects\mpssimulator_v3.0_cavity\mpssimulator_v3.0_cavity\src\LinkCell.h(13) : see declaration of 'SIM::LinkCell'
                 c:\users\hu fangyuan\documents\visual studio 2013\projects\mpssimulator_v3.0_cavity\mpssimulator_v3.0_cavity\src\Particle.h(430) : see reference to class template instantiation 'SIM::Particle<R,D,Derived>' being compiled
     1>c:\users\hu fangyuan\documents\visual studio 2013\projects\mpssimulator_v3.0_cavity\mpssimulator_v3.0_cavity\src\Shifter.h(14): error C2143: syntax error : missing ';' before '<'
                 c:\users\hu fangyuan\documents\visual studio 2013\projects\mpssimulator_v3.0_cavity\mpssimulator_v3.0_cavity\src\Shifter.h(475) : see reference to class template instantiation 'SIM::Shifter<real,dim>' being compiled
     1>c:\users\hu fangyuan\documents\visual studio 2013\projects\mpssimulator_v3.0_cavity\mpssimulator_v3.0_cavity\src\Shifter.h(14): error C4430: missing type specifier - int assumed. Note: C++ does not support default-int
     1>c:\users\hu fangyuan\documents\visual studio 2013\projects\mpssimulator_v3.0_cavity\mpssimulator_v3.0_cavity\src\Shifter.h(14): error C2238: unexpected token(s) preceding ';'
     1>c:\users\hu fangyuan\documents\visual studio 2013\projects\mpssimulator_v3.0_cavity\mpssimulator_v3.0_cavity\src\Shifter.h(15): error C2143: syntax error : missing ';' before '<'
     1>c:\users\hu fangyuan\documents\visual studio 2013\projects\mpssimulator_v3.0_cavity\mpssimulator_v3.0_cavity\src\Shifter.h(15): error C4430: missing type specifier - int assumed. Note: C++ does not support default-int
     1>c:\users\hu fangyuan\documents\visual studio 2013\projects\mpssimulator_v3.0_cavity\mpssimulator_v3.0_cavity\src\Shifter.h(15): error C2238: unexpected token(s) preceding ';'
     1>c:\users\hu fangyuan\documents\visual studio 2013\projects\mpssimulator_v3.0_cavity\mpssimulator_v3.0_cavity\src\Bvp.h(18): error C2143: syntax error : missing ';' before '<'
                 c:\users\hu fangyuan\documents\visual studio 2013\projects\mpssimulator_v3.0_cavity\mpssimulator_v3.0_cavity\src\Bvp.h(151) : see reference to class template instantiation 'Bvp<real>' being compiled
     1>c:\users\hu fangyuan\documents\visual studio 2013\projects\mpssimulator_v3.0_cavity\mpssimulator_v3.0_cavity\src\Bvp.h(18): error C4430: missing type specifier - int assumed. Note: C++ does not support default-int
     1>c:\users\hu fangyuan\documents\visual studio 2013\projects\mpssimulator_v3.0_cavity\mpssimulator_v3.0_cavity\src\Bvp.h(18): error C2238: unexpected token(s) preceding ';'
     1>c:\users\hu fangyuan\documents\visual studio 2013\projects\mpssimulator_v3.0_cavity\mpssimulator_v3.0_cavity\src\Bvp.h(23): error C4430: missing type specifier - int assumed. Note: C++ does not support default-int
     1>c:\users\hu fangyuan\documents\visual studio 2013\projects\mpssimulator_v3.0_cavity\mpssimulator_v3.0_cavity\src\Bvp.h(23): error C2143: syntax error : missing ',' before '&'
     1>c:\users\hu fangyuan\documents\visual studio 2013\projects\mpssimulator_v3.0_cavity\mpssimulator_v3.0_cavity\src\Bvp.h(42): error C4430: missing type specifier - int assumed. Note: C++ does not support default-int
     1>c:\users\hu fangyuan\documents\visual studio 2013\projects\mpssimulator_v3.0_cavity\mpssimulator_v3.0_cavity\src\Bvp.h(42): error C2143: syntax error : missing ',' before '&'
     1>c:\users\hu fangyuan\documents\visual studio 2013\projects\mpssimulator_v3.0_cavity\mpssimulator_v3.0_cavity\src\Bvp.h(61): error C4430: missing type specifier - int assumed. Note: C++ does not support default-int
     1>c:\users\hu fangyuan\documents\visual studio 2013\projects\mpssimulator_v3.0_cavity\mpssimulator_v3.0_cavity\src\Bvp.h(61): error C2146: syntax error : missing ';' before identifier 'grad'
     1>c:\users\hu fangyuan\documents\visual studio 2013\projects\mpssimulator_v3.0_cavity\mpssimulator_v3.0_cavity\src\Bvp.h(61): error C2327: 'Bvp<real>::vec' : is not a type name, static, or enumerator
     1>c:\users\hu fangyuan\documents\visual studio 2013\projects\mpssimulator_v3.0_cavity\mpssimulator_v3.0_cavity\src\Bvp.h(61): error C2143: syntax error : missing ',' before '&'
     1>c:\users\hu fangyuan\documents\visual studio 2013\projects\mpssimulator_v3.0_cavity\mpssimulator_v3.0_cavity\src\Bvp.h(79): warning C4183: 'grad': missing return type; assumed to be a member function returning 'int'
     1>c:\users\hu fangyuan\documents\visual studio 2013\projects\mpssimulator_v3.0_cavity\mpssimulator_v3.0_cavity\src\Bvp.h(86): error C2327: 'Bvp<real>::vec' : is not a type name, static, or enumerator
     1>c:\users\hu fangyuan\documents\visual studio 2013\projects\mpssimulator_v3.0_cavity\mpssimulator_v3.0_cavity\src\Bvp.h(86): error C4430: missing type specifier - int assumed. Note: C++ does not support default-int
     1>c:\users\hu fangyuan\documents\visual studio 2013\projects\mpssimulator_v3.0_cavity\mpssimulator_v3.0_cavity\src\Bvp.h(86): error C2143: syntax error : missing ',' before '&'
     1>c:\users\hu fangyuan\documents\visual studio 2013\projects\mpssimulator_v3.0_cavity\mpssimulator_v3.0_cavity\src\Bvp.h(89): error C2327: 'Bvp<real>::vec' : is not a type name, static, or enumerator
     1>c:\users\hu fangyuan\documents\visual studio 2013\projects\mpssimulator_v3.0_cavity\mpssimulator_v3.0_cavity\src\Bvp.h(89): error C4430: missing type specifier - int assumed. Note: C++ does not support default-int
     1>c:\users\hu fangyuan\documents\visual studio 2013\projects\mpssimulator_v3.0_cavity\mpssimulator_v3.0_cavity\src\Bvp.h(89): error C2143: syntax error : missing ',' before '&'
     1>c:\users\hu fangyuan\documents\visual studio 2013\projects\mpssimulator_v3.0_cavity\mpssimulator_v3.0_cavity\src\Bvp.h(92): error C2327: 'Bvp<real>::vec' : is not a type name, static, or enumerator
     1>c:\users\hu fangyuan\documents\visual studio 2013\projects\mpssimulator_v3.0_cavity\mpssimulator_v3.0_cavity\src\Bvp.h(92): error C4430: missing type specifier - int assumed. Note: C++ does not support default-int
     1>c:\users\hu fangyuan\documents\visual studio 2013\projects\mpssimulator_v3.0_cavity\mpssimulator_v3.0_cavity\src\Bvp.h(92): error C2146: syntax error : missing ';' before identifier 'bvpGrad_poly_a'
     1>c:\users\hu fangyuan\documents\visual studio 2013\projects\mpssimulator_v3.0_cavity\mpssimulator_v3.0_cavity\src\Bvp.h(92): error C2086: 'const int Bvp<real>::vec' : redefinition
                 c:\users\hu fangyuan\documents\visual studio 2013\projects\mpssimulator_v3.0_cavity\mpssimulator_v3.0_cavity\src\Bvp.h(61) : see declaration of 'Bvp<real>::vec'
     1>c:\users\hu fangyuan\documents\visual studio 2013\projects\mpssimulator_v3.0_cavity\mpssimulator_v3.0_cavity\src\Bvp.h(92): error C2143: syntax error : missing ',' before '&'
     1>c:\users\hu fangyuan\documents\visual studio 2013\projects\mpssimulator_v3.0_cavity\mpssimulator_v3.0_cavity\src\Bvp.h(94): warning C4183: 'bvpGrad_poly_a': missing return type; assumed to be a member function returning 'int'
     1>c:\users\hu fangyuan\documents\visual studio 2013\projects\mpssimulator_v3.0_cavity\mpssimulator_v3.0_cavity\src\Bvp.h(97): error C2327: 'Bvp<real>::vec' : is not a type name, static, or enumerator
     1>c:\users\hu fangyuan\documents\visual studio 2013\projects\mpssimulator_v3.0_cavity\mpssimulator_v3.0_cavity\src\Bvp.h(97): error C4430: missing type specifier - int assumed. Note: C++ does not support default-int
     1>c:\users\hu fangyuan\documents\visual studio 2013\projects\mpssimulator_v3.0_cavity\mpssimulator_v3.0_cavity\src\Bvp.h(97): error C2143: syntax error : missing ',' before '&'
     1>c:\users\hu fangyuan\documents\visual studio 2013\projects\mpssimulator_v3.0_cavity\mpssimulator_v3.0_cavity\src\Bvp.h(100): error C2327: 'Bvp<real>::vec' : is not a type name, static, or enumerator
     1>c:\users\hu fangyuan\documents\visual studio 2013\projects\mpssimulator_v3.0_cavity\mpssimulator_v3.0_cavity\src\Bvp.h(100): error C4430: missing type specifier - int assumed. Note: C++ does not support default-int
     1>c:\users\hu fangyuan\documents\visual studio 2013\projects\mpssimulator_v3.0_cavity\mpssimulator_v3.0_cavity\src\Bvp.h(100): error C2143: syntax error : missing ',' before '&'
     1>c:\users\hu fangyuan\documents\visual studio 2013\projects\mpssimulator_v3.0_cavity\mpssimulator_v3.0_cavity\src\Bvp.h(103): error C2327: 'Bvp<real>::vec' : is not a type name, static, or enumerator
     1>c:\users\hu fangyuan\documents\visual studio 2013\projects\mpssimulator_v3.0_cavity\mpssimulator_v3.0_cavity\src\Bvp.h(103): error C4430: missing type specifier - int assumed. Note: C++ does not support default-int
     1>c:\users\hu fangyuan\documents\visual studio 2013\projects\mpssimulator_v3.0_cavity\mpssimulator_v3.0_cavity\src\Bvp.h(103): error C2146: syntax error : missing ';' before identifier 'bvpGrad_poly_b'
     1>c:\users\hu fangyuan\documents\visual studio 2013\projects\mpssimulator_v3.0_cavity\mpssimulator_v3.0_cavity\src\Bvp.h(103): error C2086: 'const int Bvp<real>::vec' : redefinition
                 c:\users\hu fangyuan\documents\visual studio 2013\projects\mpssimulator_v3.0_cavity\mpssimulator_v3.0_cavity\src\Bvp.h(61) : see declaration of 'Bvp<real>::vec'
     1>c:\users\hu fangyuan\documents\visual studio 2013\projects\mpssimulator_v3.0_cavity\mpssimulator_v3.0_cavity\src\Bvp.h(103): error C2143: syntax error : missing ',' before '&'
     1>c:\users\hu fangyuan\documents\visual studio 2013\projects\mpssimulator_v3.0_cavity\mpssimulator_v3.0_cavity\src\Bvp.h(105): warning C4183: 'bvpGrad_poly_b': missing return type; assumed to be a member function returning 'int'
     1>c:\users\hu fangyuan\documents\visual studio 2013\projects\mpssimulator_v3.0_cavity\mpssimulator_v3.0_cavity\src\Bvp.h(108): error C2327: 'Bvp<real>::vec' : is not a type name, static, or enumerator
     1>c:\users\hu fangyuan\documents\visual studio 2013\projects\mpssimulator_v3.0_cavity\mpssimulator_v3.0_cavity\src\Bvp.h(108): error C4430: missing type specifier - int assumed. Note: C++ does not support default-int
     1>c:\users\hu fangyuan\documents\visual studio 2013\projects\mpssimulator_v3.0_cavity\mpssimulator_v3.0_cavity\src\Bvp.h(108): error C2143: syntax error : missing ',' before '&'
     1>c:\users\hu fangyuan\documents\visual studio 2013\projects\mpssimulator_v3.0_cavity\mpssimulator_v3.0_cavity\src\Bvp.h(111): error C2327: 'Bvp<real>::vec' : is not a type name, static, or enumerator
     1>c:\users\hu fangyuan\documents\visual studio 2013\projects\mpssimulator_v3.0_cavity\mpssimulator_v3.0_cavity\src\Bvp.h(111): error C4430: missing type specifier - int assumed. Note: C++ does not support default-int
     1>c:\users\hu fangyuan\documents\visual studio 2013\projects\mpssimulator_v3.0_cavity\mpssimulator_v3.0_cavity\src\Bvp.h(111): error C2143: syntax error : missing ',' before '&'
     1>c:\users\hu fangyuan\documents\visual studio 2013\projects\mpssimulator_v3.0_cavity\mpssimulator_v3.0_cavity\src\Bvp.h(114): error C2327: 'Bvp<real>::vec' : is not a type name, static, or enumerator
     1>c:\users\hu fangyuan\documents\visual studio 2013\projects\mpssimulator_v3.0_cavity\mpssimulator_v3.0_cavity\src\Bvp.h(114): error C4430: missing type specifier - int assumed. Note: C++ does not support default-int
     1>c:\users\hu fangyuan\documents\visual studio 2013\projects\mpssimulator_v3.0_cavity\mpssimulator_v3.0_cavity\src\Bvp.h(114): error C2146: syntax error : missing ';' before identifier 'bvpGrad_sinu_a'
     1>c:\users\hu fangyuan\documents\visual studio 2013\projects\mpssimulator_v3.0_cavity\mpssimulator_v3.0_cavity\src\Bvp.h(114): error C2086: 'const int Bvp<real>::vec' : redefinition
                 c:\users\hu fangyuan\documents\visual studio 2013\projects\mpssimulator_v3.0_cavity\mpssimulator_v3.0_cavity\src\Bvp.h(61) : see declaration of 'Bvp<real>::vec'
     1>c:\users\hu fangyuan\documents\visual studio 2013\projects\mpssimulator_v3.0_cavity\mpssimulator_v3.0_cavity\src\Bvp.h(114): error C2143: syntax error : missing ',' before '&'
     1>c:\users\hu fangyuan\documents\visual studio 2013\projects\mpssimulator_v3.0_cavity\mpssimulator_v3.0_cavity\src\Bvp.h(116): warning C4183: 'bvpGrad_sinu_a': missing return type; assumed to be a member function returning 'int'
     1>c:\users\hu fangyuan\documents\visual studio 2013\projects\mpssimulator_v3.0_cavity\mpssimulator_v3.0_cavity\src\Bvp.h(119): error C2327: 'Bvp<real>::vec' : is not a type name, static, or enumerator
     1>c:\users\hu fangyuan\documents\visual studio 2013\projects\mpssimulator_v3.0_cavity\mpssimulator_v3.0_cavity\src\Bvp.h(119): error C4430: missing type specifier - int assumed. Note: C++ does not support default-int
     1>c:\users\hu fangyuan\documents\visual studio 2013\projects\mpssimulator_v3.0_cavity\mpssimulator_v3.0_cavity\src\Bvp.h(119): error C2143: syntax error : missing ',' before '&'
     1>c:\users\hu fangyuan\documents\visual studio 2013\projects\mpssimulator_v3.0_cavity\mpssimulator_v3.0_cavity\src\Bvp.h(122): error C2327: 'Bvp<real>::vec' : is not a type name, static, or enumerator
     1>c:\users\hu fangyuan\documents\visual studio 2013\projects\mpssimulator_v3.0_cavity\mpssimulator_v3.0_cavity\src\Bvp.h(122): error C4430: missing type specifier - int assumed. Note: C++ does not support default-int
     1>c:\users\hu fangyuan\documents\visual studio 2013\projects\mpssimulator_v3.0_cavity\mpssimulator_v3.0_cavity\src\Bvp.h(122): error C2143: syntax error : missing ',' before '&'
     1>c:\users\hu fangyuan\documents\visual studio 2013\projects\mpssimulator_v3.0_cavity\mpssimulator_v3.0_cavity\src\Bvp.h(125): error C2327: 'Bvp<real>::vec' : is not a type name, static, or enumerator
     1>c:\users\hu fangyuan\documents\visual studio 2013\projects\mpssimulator_v3.0_cavity\mpssimulator_v3.0_cavity\src\Bvp.h(125): error C4430: missing type specifier - int assumed. Note: C++ does not support default-int
     1>c:\users\hu fangyuan\documents\visual studio 2013\projects\mpssimulator_v3.0_cavity\mpssimulator_v3.0_cavity\src\Bvp.h(125): error C2146: syntax error : missing ';' before identifier 'bvpGrad_sinu_b'
     1>c:\users\hu fangyuan\documents\visual studio 2013\projects\mpssimulator_v3.0_cavity\mpssimulator_v3.0_cavity\src\Bvp.h(125): error C2086: 'const int Bvp<real>::vec' : redefinition
                 c:\users\hu fangyuan\documents\visual studio 2013\projects\mpssimulator_v3.0_cavity\mpssimulator_v3.0_cavity\src\Bvp.h(61) : see declaration of 'Bvp<real>::vec'
     1>c:\users\hu fangyuan\documents\visual studio 2013\projects\mpssimulator_v3.0_cavity\mpssimulator_v3.0_cavity\src\Bvp.h(125): error C2143: syntax error : missing ',' before '&'
     1>c:\users\hu fangyuan\documents\visual studio 2013\projects\mpssimulator_v3.0_cavity\mpssimulator_v3.0_cavity\src\Bvp.h(127): warning C4183: 'bvpGrad_sinu_b': missing return type; assumed to be a member function returning 'int'
     1>c:\users\hu fangyuan\documents\visual studio 2013\projects\mpssimulator_v3.0_cavity\mpssimulator_v3.0_cavity\src\Bvp.h(130): error C2327: 'Bvp<real>::vec' : is not a type name, static, or enumerator
     1>c:\users\hu fangyuan\documents\visual studio 2013\projects\mpssimulator_v3.0_cavity\mpssimulator_v3.0_cavity\src\Bvp.h(130): error C4430: missing type specifier - int assumed. Note: C++ does not support default-int
     1>c:\users\hu fangyuan\documents\visual studio 2013\projects\mpssimulator_v3.0_cavity\mpssimulator_v3.0_cavity\src\Bvp.h(130): error C2143: syntax error : missing ',' before '&'
     1>c:\users\hu fangyuan\documents\visual studio 2013\projects\mpssimulator_v3.0_cavity\mpssimulator_v3.0_cavity\src\Bvp.h(133): error C2327: 'Bvp<real>::vec' : is not a type name, static, or enumerator
     1>c:\users\hu fangyuan\documents\visual studio 2013\projects\mpssimulator_v3.0_cavity\mpssimulator_v3.0_cavity\src\Bvp.h(133): error C4430: missing type specifier - int assumed. Note: C++ does not support default-int
     1>c:\users\hu fangyuan\documents\visual studio 2013\projects\mpssimulator_v3.0_cavity\mpssimulator_v3.0_cavity\src\Bvp.h(133): error C2143: syntax error : missing ',' before '&'
     1>c:\users\hu fangyuan\documents\visual studio 2013\projects\mpssimulator_v3.0_cavity\mpssimulator_v3.0_cavity\src\Bvp.h(136): error C2327: 'Bvp<real>::vec' : is not a type name, static, or enumerator
     1>c:\users\hu fangyuan\documents\visual studio 2013\projects\mpssimulator_v3.0_cavity\mpssimulator_v3.0_cavity\src\Bvp.h(136): error C4430: missing type specifier - int assumed. Note: C++ does not support default-int
     1>c:\users\hu fangyuan\documents\visual studio 2013\projects\mpssimulator_v3.0_cavity\mpssimulator_v3.0_cavity\src\Bvp.h(136): error C2146: syntax error : missing ';' before identifier 'bvpGrad_expo_a'
     1>c:\users\hu fangyuan\documents\visual studio 2013\projects\mpssimulator_v3.0_cavity\mpssimulator_v3.0_cavity\src\Bvp.h(136): error C2086: 'const int Bvp<real>::vec' : redefinition
                 c:\users\hu fangyuan\documents\visual studio 2013\projects\mpssimulator_v3.0_cavity\mpssimulator_v3.0_cavity\src\Bvp.h(61) : see declaration of 'Bvp<real>::vec'
     1>c:\users\hu fangyuan\documents\visual studio 2013\projects\mpssimulator_v3.0_cavity\mpssimulator_v3.0_cavity\src\Bvp.h(136): error C2143: syntax error : missing ',' before '&'
     1>c:\users\hu fangyuan\documents\visual studio 2013\projects\mpssimulator_v3.0_cavity\mpssimulator_v3.0_cavity\src\Bvp.h(138): warning C4183: 'bvpGrad_expo_a': missing return type; assumed to be a member function returning 'int'
     1>c:\users\hu fangyuan\documents\visual studio 2013\projects\mpssimulator_v3.0_cavity\mpssimulator_v3.0_cavity\src\Bvp.h(141): error C2327: 'Bvp<real>::vec' : is not a type name, static, or enumerator
     1>c:\users\hu fangyuan\documents\visual studio 2013\projects\mpssimulator_v3.0_cavity\mpssimulator_v3.0_cavity\src\Bvp.h(141): error C4430: missing type specifier - int assumed. Note: C++ does not support default-int
     1>c:\users\hu fangyuan\documents\visual studio 2013\projects\mpssimulator_v3.0_cavity\mpssimulator_v3.0_cavity\src\Bvp.h(141): error C2143: syntax error : missing ',' before '&'
     1>c:\users\hu fangyuan\documents\visual studio 2013\projects\mpssimulator_v3.0_cavity\mpssimulator_v3.0_cavity\src\Bvp.h(144): error C2327: 'Bvp<real>::vec' : is not a type name, static, or enumerator
     1>c:\users\hu fangyuan\documents\visual studio 2013\projects\mpssimulator_v3.0_cavity\mpssimulator_v3.0_cavity\src\Bvp.h(144): error C4430: missing type specifier - int assumed. Note: C++ does not support default-int
     1>c:\users\hu fangyuan\documents\visual studio 2013\projects\mpssimulator_v3.0_cavity\mpssimulator_v3.0_cavity\src\Bvp.h(144): error C2143: syntax error : missing ',' before '&'
     1>c:\users\hu fangyuan\documents\visual studio 2013\projects\mpssimulator_v3.0_cavity\mpssimulator_v3.0_cavity\src\Bvp.h(147): error C2327: 'Bvp<real>::vec' : is not a type name, static, or enumerator
     1>c:\users\hu fangyuan\documents\visual studio 2013\projects\mpssimulator_v3.0_cavity\mpssimulator_v3.0_cavity\src\Bvp.h(147): error C4430: missing type specifier - int assumed. Note: C++ does not support default-int
     1>c:\users\hu fangyuan\documents\visual studio 2013\projects\mpssimulator_v3.0_cavity\mpssimulator_v3.0_cavity\src\Bvp.h(147): error C2146: syntax error : missing ';' before identifier 'bvpGrad_expo_b'
     1>c:\users\hu fangyuan\documents\visual studio 2013\projects\mpssimulator_v3.0_cavity\mpssimulator_v3.0_cavity\src\Bvp.h(147): error C2086: 'const int Bvp<real>::vec' : redefinition
                 c:\users\hu fangyuan\documents\visual studio 2013\projects\mpssimulator_v3.0_cavity\mpssimulator_v3.0_cavity\src\Bvp.h(61) : see declaration of 'Bvp<real>::vec'
     1>c:\users\hu fangyuan\documents\visual studio 2013\projects\mpssimulator_v3.0_cavity\mpssimulator_v3.0_cavity\src\Bvp.h(147): error C2143: syntax error : missing ',' before '&'
     1>c:\users\hu fangyuan\documents\visual studio 2013\projects\mpssimulator_v3.0_cavity\mpssimulator_v3.0_cavity\src\Bvp.h(149): warning C4183: 'bvpGrad_expo_b': missing return type; assumed to be a member function returning 'int'
     1>c:\users\hu fangyuan\documents\visual studio 2013\projects\mpssimulator_v3.0_cavity\mpssimulator_v3.0_cavity\src\Sensor.h(18): error C2143: syntax error : missing ';' before '<'
                 c:\users\hu fangyuan\documents\visual studio 2013\projects\mpssimulator_v3.0_cavity\mpssimulator_v3.0_cavity\src\Sensor.h(81) : see reference to class template instantiation 'SIM::Sensor<real>' being compiled
     1>c:\users\hu fangyuan\documents\visual studio 2013\projects\mpssimulator_v3.0_cavity\mpssimulator_v3.0_cavity\src\Sensor.h(18): error C4430: missing type specifier - int assumed. Note: C++ does not support default-int
     1>c:\users\hu fangyuan\documents\visual studio 2013\projects\mpssimulator_v3.0_cavity\mpssimulator_v3.0_cavity\src\Sensor.h(18): error C2238: unexpected token(s) preceding ';'
     1>c:\users\hu fangyuan\documents\visual studio 2013\projects\mpssimulator_v3.0_cavity\mpssimulator_v3.0_cavity\src\Sensor.h(78): error C2065: 'vec' : undeclared identifier
     1>c:\users\hu fangyuan\documents\visual studio 2013\projects\mpssimulator_v3.0_cavity\mpssimulator_v3.0_cavity\src\Sensor.h(78): error C2923: 'std::vector' : 'vec' is not a valid template type argument for parameter '_Ty'
     1>c:\users\hu fangyuan\documents\visual studio 2013\projects\mpssimulator_v3.0_cavity\mpssimulator_v3.0_cavity\src\Sensor.h(79): error C2065: 'vec' : undeclared identifier
     1>c:\users\hu fangyuan\documents\visual studio 2013\projects\mpssimulator_v3.0_cavity\mpssimulator_v3.0_cavity\src\Sensor.h(79): error C2923: 'std::vector' : 'vec' is not a valid template type argument for parameter '_Ty'
     1>c:\users\hu fangyuan\documents\visual studio 2013\projects\mpssimulator_v3.0_cavity\mpssimulator_v3.0_cavity\src\Simulator.h(21): error C2143: syntax error : missing ';' before '<'
                 c:\users\hu fangyuan\documents\visual studio 2013\projects\mpssimulator_v3.0_cavity\mpssimulator_v3.0_cavity\src\Simulator.h(572) : see reference to class template instantiation 'SIM::Simulator<real,dim,Derived>' being compiled
     1>c:\users\hu fangyuan\documents\visual studio 2013\projects\mpssimulator_v3.0_cavity\mpssimulator_v3.0_cavity\src\Simulator.h(21): error C4430: missing type specifier - int assumed. Note: C++ does not support default-int
     1>c:\users\hu fangyuan\documents\visual studio 2013\projects\mpssimulator_v3.0_cavity\mpssimulator_v3.0_cavity\src\Simulator.h(21): error C2238: unexpected token(s) preceding ';'
     1>c:\users\hu fangyuan\documents\visual studio 2013\projects\mpssimulator_v3.0_cavity\mpssimulator_v3.0_cavity\src\Simulator.h(22): error C2143: syntax error : missing ';' before '<'
     1>c:\users\hu fangyuan\documents\visual studio 2013\projects\mpssimulator_v3.0_cavity\mpssimulator_v3.0_cavity\src\Simulator.h(22): error C4430: missing type specifier - int assumed. Note: C++ does not support default-int
     1>c:\users\hu fangyuan\documents\visual studio 2013\projects\mpssimulator_v3.0_cavity\mpssimulator_v3.0_cavity\src\Simulator.h(22): error C2238: unexpected token(s) preceding ';'
     1>c:\users\hu fangyuan\documents\visual studio 2013\projects\mpssimulator_v3.0_cavity\mpssimulator_v3.0_cavity\src\Particle_mps.h(11): error C2143: syntax error : missing ';' before '<'
                 c:\users\hu fangyuan\documents\visual studio 2013\projects\mpssimulator_v3.0_cavity\mpssimulator_v3.0_cavity\src\Particle_mps.h(1004) : see reference to class template instantiation 'SIM::Particle_mps<real,dim>' being compiled
     1>c:\users\hu fangyuan\documents\visual studio 2013\projects\mpssimulator_v3.0_cavity\mpssimulator_v3.0_cavity\src\Particle_mps.h(11): error C4430: missing type specifier - int assumed. Note: C++ does not support default-int
     1>c:\users\hu fangyuan\documents\visual studio 2013\projects\mpssimulator_v3.0_cavity\mpssimulator_v3.0_cavity\src\Particle_mps.h(11): error C2238: unexpected token(s) preceding ';'
     1>c:\users\hu fangyuan\documents\visual studio 2013\projects\mpssimulator_v3.0_cavity\mpssimulator_v3.0_cavity\src\Particle_mps.h(12): error C2143: syntax error : missing ';' before '<'
     1>c:\users\hu fangyuan\documents\visual studio 2013\projects\mpssimulator_v3.0_cavity\mpssimulator_v3.0_cavity\src\Particle_mps.h(12): error C4430: missing type specifier - int assumed. Note: C++ does not support default-int
     1>c:\users\hu fangyuan\documents\visual studio 2013\projects\mpssimulator_v3.0_cavity\mpssimulator_v3.0_cavity\src\Particle_mps.h(12): error C2238: unexpected token(s) preceding ';'
     1>C:\Users\HU FANGYUAN\Documents\Visual Studio 2013\Projects\mpsSimulator_v3.0_cavity\mpsSimulator_v3.0_cavity\src\Mps.h(11): error C2059: syntax error : '<'
                 C:\Users\HU FANGYUAN\Documents\Visual Studio 2013\Projects\mpsSimulator_v3.0_cavity\mpsSimulator_v3.0_cavity\src\Mps.h(189) : see reference to class template instantiation 'SIM::Mps<real,dim>' being compiled
     1>C:\Users\HU FANGYUAN\Documents\Visual Studio 2013\Projects\mpsSimulator_v3.0_cavity\mpsSimulator_v3.0_cavity\src\Mps.h(11): error C2238: unexpected token(s) preceding ';'
     1>c:\users\hu fangyuan\documents\visual studio 2013\projects\mpssimulator_v3.0_cavity\mpssimulator_v3.0_cavity\src\Particle_2d_i.h(13): error C2143: syntax error : missing ';' before '<'
                 c:\users\hu fangyuan\documents\visual studio 2013\projects\mpssimulator_v3.0_cavity\mpssimulator_v3.0_cavity\src\Particle_2d_i.h(809) : see reference to class template instantiation 'SIM::Particle_2d_i<real,dim>' being compiled
     1>c:\users\hu fangyuan\documents\visual studio 2013\projects\mpssimulator_v3.0_cavity\mpssimulator_v3.0_cavity\src\Particle_2d_i.h(13): error C4430: missing type specifier - int assumed. Note: C++ does not support default-int
     1>c:\users\hu fangyuan\documents\visual studio 2013\projects\mpssimulator_v3.0_cavity\mpssimulator_v3.0_cavity\src\Particle_2d_i.h(13): error C2238: unexpected token(s) preceding ';'
     1>c:\users\hu fangyuan\documents\visual studio 2013\projects\mpssimulator_v3.0_cavity\mpssimulator_v3.0_cavity\src\Particle_2d_i.h(14): error C2143: syntax error : missing ';' before '<'
     1>c:\users\hu fangyuan\documents\visual studio 2013\projects\mpssimulator_v3.0_cavity\mpssimulator_v3.0_cavity\src\Particle_2d_i.h(14): error C4430: missing type specifier - int assumed. Note: C++ does not support default-int
     1>c:\users\hu fangyuan\documents\visual studio 2013\projects\mpssimulator_v3.0_cavity\mpssimulator_v3.0_cavity\src\Particle_2d_i.h(14): error C2238: unexpected token(s) preceding ';'
     1>C:\Users\HU FANGYUAN\Documents\Visual Studio 2013\Projects\mpsSimulator_v3.0_cavity\mpsSimulator_v3.0_cavity\src\Mls_2d_i_euler.h(11): error C2059: syntax error : '<'
                 C:\Users\HU FANGYUAN\Documents\Visual Studio 2013\Projects\mpsSimulator_v3.0_cavity\mpsSimulator_v3.0_cavity\src\Mls_2d_i_euler.h(558) : see reference to class template instantiation 'SIM::Mls_2d_i_euler<real,dim>' being compiled
     1>C:\Users\HU FANGYUAN\Documents\Visual Studio 2013\Projects\mpsSimulator_v3.0_cavity\mpsSimulator_v3.0_cavity\src\Mls_2d_i_euler.h(11): error C2238: unexpected token(s) preceding ';'
     1>C:\Users\HU FANGYUAN\Documents\Visual Studio 2013\Projects\mpsSimulator_v3.0_cavity\mpsSimulator_v3.0_cavity\src\Mls_2d_i_euler.h(557): error C2065: 'vec' : undeclared identifier
     1>C:\Users\HU FANGYUAN\Documents\Visual Studio 2013\Projects\mpsSimulator_v3.0_cavity\mpsSimulator_v3.0_cavity\src\Mls_2d_i_euler.h(557): error C2923: 'std::vector' : 'vec' is not a valid template type argument for parameter '_Ty'
                 c:\users\hu fangyuan\documents\visual studio 2013\projects\mpssimulator_v3.0_cavity\mpssimulator_v3.0_cavity\src\LinkCell.h(13) : see declaration of 'SIM::LinkCell'
     1>c:\users\hu fangyuan\documents\visual studio 2013\projects\mpssimulator_v3.0_cavity\mpssimulator_v3.0_cavity\src\Particle_2d_i.h(140): error C2248: 'SIM::Particle<real,2,SIM::Particle_2d_i<real,TWOD>>::mat' : cannot access private typedef declared in class 'SIM::Particle<real,2,SIM::Particle_2d_i<real,TWOD>>'
                 with
                 [
                     real=double
                 ]
                 c:\users\hu fangyuan\documents\visual studio 2013\projects\mpssimulator_v3.0_cavity\mpssimulator_v3.0_cavity\src\Particle.h(34) : see declaration of 'SIM::Particle<real,2,SIM::Particle_2d_i<real,TWOD>>::mat'
                 with
                 [
                     real=double
                 ]
     1>c:\users\hu fangyuan\documents\visual studio 2013\projects\mpssimulator_v3.0_cavity\mpssimulator_v3.0_cavity\renderer/Renderer.h(177): error C2664: 'void REN::DrawSim::draw(unsigned int,int *,REN::DrawSim::vec *,REN::DrawSim::vec *,double *)' : cannot convert argument 3 from 'Eigen::Matrix<double,2,1,0,2,1> *' to 'REN::DrawSim::vec *'
                 Types pointed to are unrelated; conversion requires reinterpret_cast, C-style cast or function-style cast
     1>Done Building Project "C:\Users\HU FANGYUAN\Documents\Visual Studio 2013\Projects\mpsSimulator_v3.0_cavity\mpsSimulator_v3.0_cavity\mpsSimulator_v3.0.vcxproj" (Build target(s)) -- FAILED.

Build FAILED.

Time Elapsed 00:00:00.91
